Запущен по таймеру
Running as SYSTEM
Building on master in workspace C:\Windows\system32\config\systemprofile\AppData\Local\Jenkins\.jenkins\workspace\I Can Win
The recommended git tool is: NONE
No credentials specified
 > git.exe rev-parse --resolve-git-dir C:\Windows\system32\config\systemprofile\AppData\Local\Jenkins\.jenkins\workspace\I Can Win\.git # timeout=10
Fetching changes from the remote Git repository
 > git.exe config remote.origin.url https://github.com/Natallisha/helloci.git # timeout=10
Fetching upstream changes from https://github.com/Natallisha/helloci.git
 > git.exe --version # timeout=10
 > git --version # 'git version 2.29.2.windows.2'
 > git.exe fetch --tags --force --progress -- https://github.com/Natallisha/helloci.git +refs/heads/*:refs/remotes/origin/* # timeout=10
 > git.exe rev-parse "refs/remotes/origin/master^{commit}" # timeout=10
Checking out Revision 904af05dec9a5818276ac39c6faf97fe5a5e13ba (refs/remotes/origin/master)
 > git.exe config core.sparsecheckout # timeout=10
 > git.exe checkout -f 904af05dec9a5818276ac39c6faf97fe5a5e13ba # timeout=10
Commit message: "Merge pull request #15 from Molnix888/dotnet-update"
 > git.exe rev-list --no-walk 904af05dec9a5818276ac39c6faf97fe5a5e13ba # timeout=10
[I Can Win] $ cmd.exe /C "c:\apache-maven-3.8.1\bin\mvn.cmd -f Java/pom.xml test && exit %%ERRORLEVEL%%"
[INFO] Scanning for projects...
[INFO] 
[INFO] ---------------< com.github.vitalliuss.helloci:hello-ci >---------------
[INFO] Building hello-ci 1.0-SNAPSHOT
[INFO] --------------------------------[ jar ]---------------------------------
[INFO] 
[8mha:////4CLnnk/BrHg/+gAnDC7CUwhjQLKSVs6FleuWdveALCWkAAAAYB+LCAAAAAAAAP9b85aBtbiIQSmjNKU4P0+vJLE4u1gvPjexLDVPzxdEGvvmZ+X75Zek2mxOX+vh68DGxMBQUcQgBdWQnJ9XnJ+TqucMoUEKGSCAEaSwAAAn9LoiYAAAAA==[0m[INFO] --- maven-resources-plugin:2.6:resources (default-resources) @ hello-ci ---
[8mha:////4PKjCGHRmVK8PBgxmiDngLvazJ2QYUy95vz50YzYQM0VAAAAYh+LCAAAAAAAAP9b85aBtbiIQSWjNKU4P0+vJLE4u1gvPjexLDVPzxdEhicW5WXmpfvll6SeOJwgmrt9CSsTA0NFEYMUVEtyfl5xfk6qnjOEBilkgABGkMICAEQzmI1iAAAA[0m[WARNING] Using platform encoding (Cp1251 actually) to copy filtered resources, i.e. build is platform dependent!
[INFO] skip non existing resourceDirectory C:\Windows\System32\config\systemprofile\AppData\Local\Jenkins\.jenkins\workspace\I Can Win\Java\src\main\resources
[INFO] 
[8mha:////4CLnnk/BrHg/+gAnDC7CUwhjQLKSVs6FleuWdveALCWkAAAAYB+LCAAAAAAAAP9b85aBtbiIQSmjNKU4P0+vJLE4u1gvPjexLDVPzxdEGvvmZ+X75Zek2mxOX+vh68DGxMBQUcQgBdWQnJ9XnJ+TqucMoUEKGSCAEaSwAAAn9LoiYAAAAA==[0m[INFO] --- maven-compiler-plugin:3.1:compile (default-compile) @ hello-ci ---
[INFO] Nothing to compile - all classes are up to date
[INFO] 
[8mha:////4CLnnk/BrHg/+gAnDC7CUwhjQLKSVs6FleuWdveALCWkAAAAYB+LCAAAAAAAAP9b85aBtbiIQSmjNKU4P0+vJLE4u1gvPjexLDVPzxdEGvvmZ+X75Zek2mxOX+vh68DGxMBQUcQgBdWQnJ9XnJ+TqucMoUEKGSCAEaSwAAAn9LoiYAAAAA==[0m[INFO] --- maven-resources-plugin:2.6:testResources (default-testResources) @ hello-ci ---
[8mha:////4PKjCGHRmVK8PBgxmiDngLvazJ2QYUy95vz50YzYQM0VAAAAYh+LCAAAAAAAAP9b85aBtbiIQSWjNKU4P0+vJLE4u1gvPjexLDVPzxdEhicW5WXmpfvll6SeOJwgmrt9CSsTA0NFEYMUVEtyfl5xfk6qnjOEBilkgABGkMICAEQzmI1iAAAA[0m[WARNING] Using platform encoding (Cp1251 actually) to copy filtered resources, i.e. build is platform dependent!
[INFO] skip non existing resourceDirectory C:\Windows\System32\config\systemprofile\AppData\Local\Jenkins\.jenkins\workspace\I Can Win\Java\src\test\resources
[INFO] 
[8mha:////4CLnnk/BrHg/+gAnDC7CUwhjQLKSVs6FleuWdveALCWkAAAAYB+LCAAAAAAAAP9b85aBtbiIQSmjNKU4P0+vJLE4u1gvPjexLDVPzxdEGvvmZ+X75Zek2mxOX+vh68DGxMBQUcQgBdWQnJ9XnJ+TqucMoUEKGSCAEaSwAAAn9LoiYAAAAA==[0m[INFO] --- maven-compiler-plugin:3.1:testCompile (default-testCompile) @ hello-ci ---
[INFO] Nothing to compile - all classes are up to date
[INFO] 
[8mha:////4CLnnk/BrHg/+gAnDC7CUwhjQLKSVs6FleuWdveALCWkAAAAYB+LCAAAAAAAAP9b85aBtbiIQSmjNKU4P0+vJLE4u1gvPjexLDVPzxdEGvvmZ+X75Zek2mxOX+vh68DGxMBQUcQgBdWQnJ9XnJ+TqucMoUEKGSCAEaSwAAAn9LoiYAAAAA==[0m[INFO] --- maven-surefire-plugin:3.0.0-M1:test (default-test) @ hello-ci ---
[INFO] 
[INFO] -------------------------------------------------------
[INFO]  T E S T S
[INFO] -------------------------------------------------------
[INFO] Running com.github.vitalliuss.helloci.AppTest
[8mha:////4CjY7qJUZW+Cu/5v4xkJE5d3hVmJB9igVf+h0siMjFqhAAAAYB+LCAAAAAAAAP9b85aBtbiIQSmjNKU4P0+vJLE4u1gvPjexLDVPzxdEuhYV5Rf55Zek1m9pfpLfVWLNxMBQUcQgBdWQnJ9XnJ+TqucMoUEKGSCAEaSwAABqVhoSYAAAAA==[0m[ERROR] Tests run: 5, Failures: 1, Errors: 0, Skipped: 1, Time elapsed: 0.353 s <<< FAILURE! - in com.github.vitalliuss.helloci.AppTest
[8mha:////4CjY7qJUZW+Cu/5v4xkJE5d3hVmJB9igVf+h0siMjFqhAAAAYB+LCAAAAAAAAP9b85aBtbiIQSmjNKU4P0+vJLE4u1gvPjexLDVPzxdEuhYV5Rf55Zek1m9pfpLfVWLNxMBQUcQgBdWQnJ9XnJ+TqucMoUEKGSCAEaSwAABqVhoSYAAAAA==[0m[ERROR] testShouldBeFailed(com.github.vitalliuss.helloci.AppTest)  Time elapsed: 0.048 s  <<< FAILURE!
java.lang.AssertionError
	at com.github.vitalliuss.helloci.AppTest.testShouldBeFailed(AppTest.java:21)

[INFO] 
[INFO] Results:
[INFO] 
[8mha:////4CjY7qJUZW+Cu/5v4xkJE5d3hVmJB9igVf+h0siMjFqhAAAAYB+LCAAAAAAAAP9b85aBtbiIQSmjNKU4P0+vJLE4u1gvPjexLDVPzxdEuhYV5Rf55Zek1m9pfpLfVWLNxMBQUcQgBdWQnJ9XnJ+TqucMoUEKGSCAEaSwAABqVhoSYAAAAA==[0m[ERROR] Failures: 
[8mha:////4CjY7qJUZW+Cu/5v4xkJE5d3hVmJB9igVf+h0siMjFqhAAAAYB+LCAAAAAAAAP9b85aBtbiIQSmjNKU4P0+vJLE4u1gvPjexLDVPzxdEuhYV5Rf55Zek1m9pfpLfVWLNxMBQUcQgBdWQnJ9XnJ+TqucMoUEKGSCAEaSwAABqVhoSYAAAAA==[0m[ERROR]   AppTest.testShouldBeFailed:21
[INFO] 
[8mha:////4CjY7qJUZW+Cu/5v4xkJE5d3hVmJB9igVf+h0siMjFqhAAAAYB+LCAAAAAAAAP9b85aBtbiIQSmjNKU4P0+vJLE4u1gvPjexLDVPzxdEuhYV5Rf55Zek1m9pfpLfVWLNxMBQUcQgBdWQnJ9XnJ+TqucMoUEKGSCAEaSwAABqVhoSYAAAAA==[0m[ERROR] Tests run: 5, Failures: 1, Errors: 0, Skipped: 1
[INFO] 
[INFO] ------------------------------------------------------------------------
[INFO] BUILD FAILURE
[INFO] ------------------------------------------------------------------------
[INFO] Total time:  5.758 s
[INFO] Finished at: 2021-05-06T12:36:14+03:00
[INFO] ------------------------------------------------------------------------
[8mha:////4CjY7qJUZW+Cu/5v4xkJE5d3hVmJB9igVf+h0siMjFqhAAAAYB+LCAAAAAAAAP9b85aBtbiIQSmjNKU4P0+vJLE4u1gvPjexLDVPzxdEuhYV5Rf55Zek1m9pfpLfVWLNxMBQUcQgBdWQnJ9XnJ+TqucMoUEKGSCAEaSwAABqVhoSYAAAAA==[0m[ERROR] Failed to execute goal org.apache.maven.plugins:maven-surefire-plugin:3.0.0-M1:test (default-test) on project hello-ci: There are test failures.
[8mha:////4CjY7qJUZW+Cu/5v4xkJE5d3hVmJB9igVf+h0siMjFqhAAAAYB+LCAAAAAAAAP9b85aBtbiIQSmjNKU4P0+vJLE4u1gvPjexLDVPzxdEuhYV5Rf55Zek1m9pfpLfVWLNxMBQUcQgBdWQnJ9XnJ+TqucMoUEKGSCAEaSwAABqVhoSYAAAAA==[0m[ERROR] 
[8mha:////4CjY7qJUZW+Cu/5v4xkJE5d3hVmJB9igVf+h0siMjFqhAAAAYB+LCAAAAAAAAP9b85aBtbiIQSmjNKU4P0+vJLE4u1gvPjexLDVPzxdEuhYV5Rf55Zek1m9pfpLfVWLNxMBQUcQgBdWQnJ9XnJ+TqucMoUEKGSCAEaSwAABqVhoSYAAAAA==[0m[ERROR] Please refer to C:\Windows\System32\config\systemprofile\AppData\Local\Jenkins\.jenkins\workspace\I Can Win\Java\target\surefire-reports for the individual test results.
[8mha:////4CjY7qJUZW+Cu/5v4xkJE5d3hVmJB9igVf+h0siMjFqhAAAAYB+LCAAAAAAAAP9b85aBtbiIQSmjNKU4P0+vJLE4u1gvPjexLDVPzxdEuhYV5Rf55Zek1m9pfpLfVWLNxMBQUcQgBdWQnJ9XnJ+TqucMoUEKGSCAEaSwAABqVhoSYAAAAA==[0m[ERROR] Please refer to dump files (if any exist) [date].dump, [date]-jvmRun[N].dump and [date].dumpstream.
[8mha:////4CjY7qJUZW+Cu/5v4xkJE5d3hVmJB9igVf+h0siMjFqhAAAAYB+LCAAAAAAAAP9b85aBtbiIQSmjNKU4P0+vJLE4u1gvPjexLDVPzxdEuhYV5Rf55Zek1m9pfpLfVWLNxMBQUcQgBdWQnJ9XnJ+TqucMoUEKGSCAEaSwAABqVhoSYAAAAA==[0m[ERROR] -> [Help 1]
[8mha:////4CjY7qJUZW+Cu/5v4xkJE5d3hVmJB9igVf+h0siMjFqhAAAAYB+LCAAAAAAAAP9b85aBtbiIQSmjNKU4P0+vJLE4u1gvPjexLDVPzxdEuhYV5Rf55Zek1m9pfpLfVWLNxMBQUcQgBdWQnJ9XnJ+TqucMoUEKGSCAEaSwAABqVhoSYAAAAA==[0m[ERROR] 
[8mha:////4CjY7qJUZW+Cu/5v4xkJE5d3hVmJB9igVf+h0siMjFqhAAAAYB+LCAAAAAAAAP9b85aBtbiIQSmjNKU4P0+vJLE4u1gvPjexLDVPzxdEuhYV5Rf55Zek1m9pfpLfVWLNxMBQUcQgBdWQnJ9XnJ+TqucMoUEKGSCAEaSwAABqVhoSYAAAAA==[0m[ERROR] To see the full stack trace of the errors, re-run Maven with the -e switch.
[8mha:////4CjY7qJUZW+Cu/5v4xkJE5d3hVmJB9igVf+h0siMjFqhAAAAYB+LCAAAAAAAAP9b85aBtbiIQSmjNKU4P0+vJLE4u1gvPjexLDVPzxdEuhYV5Rf55Zek1m9pfpLfVWLNxMBQUcQgBdWQnJ9XnJ+TqucMoUEKGSCAEaSwAABqVhoSYAAAAA==[0m[ERROR] Re-run Maven using the -X switch to enable full debug logging.
[8mha:////4CjY7qJUZW+Cu/5v4xkJE5d3hVmJB9igVf+h0siMjFqhAAAAYB+LCAAAAAAAAP9b85aBtbiIQSmjNKU4P0+vJLE4u1gvPjexLDVPzxdEuhYV5Rf55Zek1m9pfpLfVWLNxMBQUcQgBdWQnJ9XnJ+TqucMoUEKGSCAEaSwAABqVhoSYAAAAA==[0m[ERROR] 
[8mha:////4CjY7qJUZW+Cu/5v4xkJE5d3hVmJB9igVf+h0siMjFqhAAAAYB+LCAAAAAAAAP9b85aBtbiIQSmjNKU4P0+vJLE4u1gvPjexLDVPzxdEuhYV5Rf55Zek1m9pfpLfVWLNxMBQUcQgBdWQnJ9XnJ+TqucMoUEKGSCAEaSwAABqVhoSYAAAAA==[0m[ERROR] For more information about the errors and possible solutions, please read the following articles:
[8mha:////4CjY7qJUZW+Cu/5v4xkJE5d3hVmJB9igVf+h0siMjFqhAAAAYB+LCAAAAAAAAP9b85aBtbiIQSmjNKU4P0+vJLE4u1gvPjexLDVPzxdEuhYV5Rf55Zek1m9pfpLfVWLNxMBQUcQgBdWQnJ9XnJ+TqucMoUEKGSCAEaSwAABqVhoSYAAAAA==[0m[ERROR] [Help 1] http://cwiki.apache.org/confluence/display/MAVEN/MojoFailureException
Build step 'Вызвать цели Maven верхнего уровня  ' marked build as failure
Finished: FAILURE
