<?xml version="1.0" encoding="UTF-8"?>
<testng-results ignored="0" total="1" passed="1" failed="0" skipped="0">
  <reporter-output>
  </reporter-output>
  <suite started-at="2021-08-24T16:08:38 MSK" name="Command line suite" finished-at="2021-08-24T16:09:50 MSK" duration-ms="71735">
    <groups>
    </groups>
    <test started-at="2021-08-24T16:08:38 MSK" name="Command line test" finished-at="2021-08-24T16:09:50 MSK" duration-ms="71735">
      <class name="com.google.cloud.test.HardCoreTest">
        <test-method is-config="true" signature="browserSetup()[pri:0, instance:com.google.cloud.test.HardCoreTest@5876a9af]" started-at="2021-08-24T16:08:38 MSK" name="browserSetup" finished-at="2021-08-24T16:08:45 MSK" duration-ms="6600" status="PASS">
          <reporter-output>
          </reporter-output>
        </test-method> <!-- browserSetup -->
        <test-method signature="resultValuesAreSimilarToTotalCostInMail()[pri:0, instance:com.google.cloud.test.HardCoreTest@5876a9af]" started-at="2021-08-24T16:08:45 MSK" name="resultValuesAreSimilarToTotalCostInMail" finished-at="2021-08-24T16:09:48 MSK" duration-ms="63403" status="PASS">
          <reporter-output>
          </reporter-output>
        </test-method> <!-- resultValuesAreSimilarToTotalCostInMail -->
        <test-method is-config="true" signature="browserTearDown()[pri:0, instance:com.google.cloud.test.HardCoreTest@5876a9af]" started-at="2021-08-24T16:09:48 MSK" name="browserTearDown" finished-at="2021-08-24T16:09:50 MSK" duration-ms="1623" status="PASS">
          <reporter-output>
          </reporter-output>
        </test-method> <!-- browserTearDown -->
      </class> <!-- com.google.cloud.test.HardCoreTest -->
    </test> <!-- Command line test -->
  </suite> <!-- Command line suite -->
</testng-results>
